SF:lib/features/auth/domain/entity/auth_entity.dart
DA:11,2
DA:20,0
DA:22,0
LF:3
LH:1
end_of_record
SF:lib/features/auth/domain/usecase/register_user_usecase.dart
DA:16,2
DA:24,0
DA:32,0
DA:33,0
DA:39,1
DA:41,1
DA:43,1
DA:44,1
DA:45,1
DA:46,1
DA:47,1
DA:48,1
DA:50,2
LF:13
LH:10
end_of_record
SF:lib/core/error/failure.dart
DA:6,0
DA:8,0
DA:9,0
DA:13,0
DA:18,0
DA:25,0
LF:6
LH:0
end_of_record
SF:lib/features/auth/domain/usecase/upload_image_usecase.dart
DA:12,1
DA:21,1
DA:23,1
DA:25,3
LF:4
LH:4
end_of_record
SF:lib/features/auth/domain/usecase/login_usecase.dart
DA:12,2
DA:18,0
DA:22,0
DA:23,0
DA:29,1
DA:31,1
DA:34,4
LF:7
LH:4
end_of_record
SF:lib/app/constants/api_endpoints.dart
DA:2,0
DA:24,0
LF:2
LH:0
end_of_record
SF:lib/app/constants/hive_table_constant.dart
DA:2,0
LF:1
LH:0
end_of_record
SF:lib/app/di/di.dart
DA:24,0
DA:26,0
DA:28,0
DA:29,0
DA:30,0
DA:31,0
DA:32,0
DA:33,0
DA:34,0
DA:37,0
DA:39,0
DA:40,0
DA:44,0
DA:45,0
DA:48,0
DA:50,0
DA:51,0
DA:54,0
DA:55,0
DA:59,0
DA:60,0
DA:62,0
DA:63,0
DA:67,0
DA:68,0
DA:69,0
DA:73,0
DA:74,0
DA:75,0
DA:79,0
DA:80,0
DA:81,0
DA:82,0
DA:87,0
DA:88,0
DA:89,0
DA:93,0
DA:95,0
DA:96,0
DA:100,0
DA:101,0
DA:102,0
DA:107,0
DA:108,0
DA:109,0
DA:110,0
DA:111,0
DA:116,0
DA:117,0
DA:118,0
DA:123,0
DA:125,0
DA:126,0
DA:130,0
DA:131,0
DA:135,0
DA:136,0
DA:139,0
DA:140,0
DA:144,0
DA:145,0
DA:146,0
LF:62
LH:0
end_of_record
SF:lib/features/news/data/data_source/news_remote_datasource/news_remote_datasource.dart
DA:12,0
DA:14,0
DA:17,0
DA:19,0
DA:21,0
DA:23,0
DA:24,0
DA:25,0
DA:27,0
DA:29,0
DA:30,0
DA:32,0
DA:35,0
DA:38,0
DA:39,0
DA:41,0
DA:42,0
DA:44,0
DA:48,0
DA:51,0
DA:53,0
DA:54,0
DA:57,0
DA:58,0
DA:59,0
DA:62,0
DA:64,0
DA:67,0
DA:70,0
DA:72,0
DA:73,0
DA:75,0
LF:32
LH:0
end_of_record
SF:lib/features/news/data/repository/news_remote_repository.dart
DA:11,0
DA:13,0
DA:16,0
DA:17,0
DA:19,0
DA:20,0
DA:24,0
DA:27,0
DA:28,0
DA:30,0
DA:31,0
LF:11
LH:0
end_of_record
SF:lib/features/news/domain/usecase/news_usecases.dart
DA:9,1
DA:11,1
DA:12,2
DA:21,1
DA:23,1
DA:24,2
LF:6
LH:6
end_of_record
SF:lib/features/news/presentation/view_model/news_bloc.dart
DA:11,3
DA:12,2
DA:13,2
DA:16,0
DA:17,0
DA:18,0
DA:19,0
DA:20,0
DA:21,0
DA:25,0
DA:26,0
DA:27,0
DA:28,0
DA:29,0
DA:30,0
LF:15
LH:3
end_of_record
SF:lib/core/network/api_service.dart
DA:10,0
DA:12,0
DA:13,0
DA:14,0
DA:15,0
DA:16,0
DA:17,0
DA:18,0
DA:20,0
LF:9
LH:0
end_of_record
SF:lib/core/network/hive_service.dart
DA:9,0
DA:11,0
DA:12,0
DA:14,0
DA:17,0
DA:18,0
DA:19,0
DA:23,0
DA:24,0
DA:25,0
DA:28,0
DA:29,0
DA:30,0
DA:33,0
DA:34,0
DA:35,0
DA:39,0
DA:40,0
DA:41,0
DA:42,0
DA:43,0
DA:47,0
DA:48,0
DA:51,0
DA:52,0
DA:55,0
DA:56,0
DA:60,0
DA:61,0
DA:62,0
DA:63,0
DA:67,0
DA:68,0
DA:69,0
DA:72,0
DA:73,0
DA:74,0
DA:77,0
DA:78,0
LF:39
LH:0
end_of_record
SF:lib/features/auth/data/data_source/local_data_source/auth_local_datasource.dart
DA:11,0
DA:13,0
DA:16,0
DA:26,0
DA:29,0
DA:30,0
DA:32,0
DA:36,0
DA:40,0
DA:42,0
DA:43,0
DA:45,0
DA:49,0
DA:51,0
LF:14
LH:0
end_of_record
SF:lib/features/auth/data/data_source/remote_data_source/auth_remote_datasource.dart
DA:12,0
DA:14,0
DA:17,0
DA:19,0
DA:20,0
DA:21,0
DA:22,0
DA:23,0
DA:24,0
DA:28,0
DA:31,0
DA:33,0
DA:34,0
DA:36,0
DA:40,0
DA:43,0
DA:46,0
DA:49,0
DA:51,0
DA:57,0
DA:58,0
DA:61,0
DA:63,0
DA:64,0
DA:66,0
DA:70,0
DA:73,0
DA:74,0
DA:75,0
DA:76,0
DA:77,0
DA:83,0
DA:88,0
DA:90,0
DA:94,0
DA:96,0
DA:97,0
DA:99,0
LF:38
LH:0
end_of_record
SF:lib/features/auth/data/repository/auth_local_repository/auth_local_repository.dart
DA:13,0
DA:15,0
DA:18,0
DA:19,0
DA:21,0
DA:25,0
DA:31,0
DA:32,0
DA:34,0
DA:38,0
DA:41,0
DA:43,0
DA:47,0
DA:50,0
LF:14
LH:0
end_of_record
SF:lib/features/auth/data/repository/auth_remote_repository/auth_remote_repository.dart
DA:13,0
DA:15,0
DA:18,0
DA:19,0
DA:21,0
DA:25,0
DA:28,0
DA:31,0
DA:35,0
DA:36,0
DA:38,0
DA:42,0
DA:45,0
DA:46,0
DA:48,0
LF:15
LH:0
end_of_record
SF:lib/features/auth/presentation/view_model/login/login_event.dart
DA:4,3
DA:6,0
DA:7,0
DA:14,0
DA:24,0
DA:35,3
LF:6
LH:2
end_of_record
SF:lib/features/auth/presentation/view_model/login/login_bloc.dart
DA:19,1
DA:26,2
DA:27,1
DA:28,0
DA:29,0
DA:30,0
DA:31,0
DA:32,0
DA:33,0
DA:34,0
DA:36,0
DA:43,1
DA:44,0
DA:45,0
DA:46,0
DA:47,0
DA:48,0
DA:49,0
DA:50,0
DA:52,0
DA:59,1
DA:60,0
DA:61,0
DA:62,0
DA:63,0
DA:64,0
DA:65,0
DA:69,0
DA:70,0
DA:71,0
DA:72,0
DA:73,0
DA:78,0
DA:79,0
DA:80,0
DA:81,0
DA:82,0
DA:83,0
LF:38
LH:5
end_of_record
SF:lib/features/auth/presentation/view_model/register/register_event.dart
DA:4,0
DA:6,0
DA:7,0
DA:18,0
DA:31,0
LF:5
LH:0
end_of_record
SF:lib/features/auth/presentation/view_model/register/register_state.dart
DA:8,0
DA:14,1
DA:19,0
DA:24,0
DA:25,0
DA:26,0
DA:27,0
DA:31,1
DA:32,4
LF:9
LH:3
end_of_record
SF:lib/features/auth/presentation/view_model/register/register_bloc.dart
DA:18,1
DA:23,2
DA:24,2
DA:25,2
DA:28,0
DA:32,0
DA:33,0
DA:34,0
DA:35,0
DA:36,0
DA:37,0
DA:38,0
DA:41,0
DA:42,0
DA:43,0
DA:44,0
DA:45,0
DA:46,0
DA:51,0
DA:55,0
DA:56,0
DA:57,0
DA:58,0
DA:62,0
DA:63,0
DA:64,0
DA:65,0
LF:27
LH:4
end_of_record
SF:lib/features/home/presentation/view_model/home_cubit.dart
DA:10,0
DA:12,0
DA:13,0
DA:16,0
DA:18,0
DA:19,0
DA:20,0
DA:22,0
DA:23,0
DA:24,0
DA:25,0
LF:11
LH:0
end_of_record
SF:lib/features/splash/presentation/view_model/splash_cubit.dart
DA:10,0
DA:14,0
DA:15,0
DA:16,0
DA:18,0
DA:20,0
DA:21,0
DA:23,0
DA:24,0
DA:25,0
DA:26,0
DA:27,0
DA:29,0
DA:33,0
LF:14
LH:0
end_of_record
SF:lib/app/shared_preferences/token_shared_preferences.dart
DA:9,0
DA:11,0
DA:13,0
DA:14,0
DA:16,0
DA:20,0
DA:22,0
DA:23,0
DA:25,0
LF:9
LH:0
end_of_record
SF:lib/core/common/snackbar/snackbar.dart
DA:3,0
DA:8,0
DA:10,0
DA:11,0
DA:12,0
LF:5
LH:0
end_of_record
SF:lib/core/network/dio_error_interceptor.dart
DA:4,0
DA:6,0
DA:8,0
DA:9,0
DA:10,0
DA:11,0
DA:12,0
DA:13,0
DA:16,0
DA:17,0
DA:18,0
DA:20,0
DA:25,0
DA:26,0
DA:28,0
DA:31,0
LF:16
LH:0
end_of_record
SF:lib/features/auth/data/model/auth_hive_model.dart
DA:25,0
DA:32,0
DA:35,0
DA:44,0
DA:45,0
DA:46,0
DA:47,0
DA:48,0
DA:49,0
DA:50,0
DA:51,0
DA:56,0
DA:57,0
DA:58,0
DA:59,0
DA:60,0
DA:61,0
DA:62,0
DA:63,0
DA:67,0
DA:69,0
LF:21
LH:0
end_of_record
SF:lib/features/auth/data/model/auth_hive_model.g.dart
DA:13,0
DA:15,0
DA:16,0
DA:17,0
DA:19,0
DA:20,0
DA:21,0
DA:22,0
DA:23,0
DA:24,0
DA:25,0
DA:29,0
DA:32,0
DA:33,0
DA:34,0
DA:35,0
DA:36,0
DA:37,0
DA:38,0
DA:39,0
DA:40,0
DA:41,0
DA:42,0
DA:43,0
DA:44,0
DA:47,0
DA:48,0
DA:50,0
DA:53,0
DA:54,0
DA:55,0
LF:31
LH:0
end_of_record
SF:lib/features/news/data/model/news_hive_model.dart
DA:23,0
DA:32,0
DA:33,0
DA:34,0
DA:35,0
DA:36,0
DA:37,0
DA:38,0
DA:39,0
DA:43,0
DA:44,0
DA:45,0
DA:46,0
DA:47,0
DA:48,0
DA:49,0
DA:50,0
DA:54,0
DA:56,0
LF:19
LH:0
end_of_record
SF:lib/features/news/data/model/news_hive_model.g.dart
DA:13,0
DA:15,0
DA:16,0
DA:17,0
DA:19,0
DA:20,0
DA:21,0
DA:22,0
DA:23,0
DA:24,0
DA:25,0
DA:29,0
DA:32,0
DA:33,0
DA:34,0
DA:35,0
DA:36,0
DA:37,0
DA:38,0
DA:39,0
DA:40,0
DA:41,0
DA:42,0
DA:43,0
DA:44,0
DA:47,0
DA:48,0
DA:50,0
DA:53,0
DA:54,0
DA:55,0
LF:31
LH:0
end_of_record
SF:lib/features/auth/presentation/view/login_view.dart
DA:10,3
DA:18,3
DA:20,3
DA:21,3
DA:22,3
DA:23,3
DA:25,3
DA:26,3
DA:27,3
DA:29,3
DA:30,3
DA:36,3
DA:37,3
DA:38,3
DA:40,3
DA:43,3
DA:51,3
DA:52,3
DA:53,3
DA:54,3
DA:55,3
DA:58,3
DA:60,3
DA:70,3
DA:72,3
DA:74,3
DA:75,3
DA:79,3
DA:80,3
DA:81,3
DA:82,3
DA:83,3
DA:85,3
DA:86,3
DA:87,3
DA:88,6
DA:91,0
DA:92,0
DA:98,3
DA:100,3
DA:102,3
DA:104,3
DA:108,3
DA:109,3
DA:110,3
DA:111,3
DA:112,3
DA:114,3
DA:115,3
DA:116,3
DA:117,6
DA:120,0
DA:121,0
DA:127,3
DA:129,3
DA:130,0
DA:131,0
DA:132,0
DA:133,0
DA:135,0
DA:136,0
DA:154,3
DA:156,3
DA:158,0
DA:159,0
DA:160,0
DA:161,0
LF:67
LH:53
end_of_record
SF:lib/features/auth/presentation/view/register_view.dart
DA:11,0
DA:13,0
DA:14,0
DA:26,0
DA:27,0
DA:28,0
DA:29,0
DA:34,0
DA:36,0
DA:38,0
DA:39,0
DA:41,0
DA:42,0
DA:49,0
DA:53,0
DA:55,0
DA:56,0
DA:57,0
DA:58,0
DA:59,0
DA:64,0
DA:65,0
DA:66,0
DA:68,0
DA:69,0
DA:70,0
DA:71,0
DA:72,0
DA:73,0
DA:74,0
DA:75,0
DA:83,0
DA:85,0
DA:87,0
DA:88,0
DA:89,0
DA:90,0
DA:91,0
DA:92,0
DA:97,0
DA:98,0
DA:99,0
DA:100,0
DA:110,0
DA:113,0
DA:116,0
DA:117,0
DA:126,0
DA:127,0
DA:129,0
DA:130,0
DA:134,0
DA:135,0
DA:141,0
DA:142,0
DA:143,0
DA:144,0
DA:148,0
DA:149,0
DA:155,0
DA:156,0
DA:157,0
DA:158,0
DA:162,0
DA:163,0
DA:169,0
DA:170,0
DA:171,0
DA:172,0
DA:174,0
DA:177,0
DA:178,0
DA:184,0
DA:185,0
DA:186,0
DA:189,0
DA:190,0
DA:191,0
DA:192,0
DA:193,0
DA:195,0
DA:196,0
DA:197,0
DA:198,0
LF:84
LH:0
end_of_record
SF:lib/features/auth/presentation/view_model/login/login_state.dart
DA:5,0
DA:11,1
DA:14,1
DA:15,3
DA:16,3
DA:19,0
DA:20,0
DA:22,1
DA:26,0
DA:30,0
DA:31,0
DA:32,0
LF:12
LH:5
end_of_record
SF:lib/features/home/presentation/view/home_view.dart
DA:8,0
DA:12,0
DA:14,0
DA:15,0
DA:18,0
DA:19,0
DA:21,0
DA:23,0
DA:29,0
DA:32,0
DA:33,0
DA:34,0
DA:44,0
DA:45,0
DA:47,0
DA:48,0
DA:49,0
DA:68,0
DA:70,0
DA:71,0
LF:20
LH:0
end_of_record
SF:lib/features/home/presentation/view_model/home_state.dart
DA:12,0
DA:18,0
DA:19,0
DA:21,0
DA:25,0
DA:26,0
DA:27,0
DA:39,0
DA:43,0
DA:44,0
DA:45,0
DA:49,0
DA:50,0
LF:13
LH:0
end_of_record
SF:lib/features/news/presentation/view/news_view.dart
DA:10,0
DA:12,0
DA:13,0
DA:17,0
DA:19,0
DA:21,0
DA:24,0
DA:26,0
DA:27,0
DA:31,0
DA:32,0
DA:33,0
DA:35,0
DA:36,0
DA:37,0
DA:38,0
DA:39,0
DA:43,0
DA:45,0
DA:47,0
DA:48,0
DA:50,0
DA:52,0
DA:53,0
DA:54,0
DA:61,0
DA:63,0
DA:64,0
DA:65,0
DA:66,0
DA:68,0
DA:70,0
DA:71,0
DA:73,0
DA:82,0
DA:83,0
DA:94,0
DA:96,0
DA:98,0
DA:99,0
DA:103,0
DA:104,0
DA:105,0
DA:107,0
DA:108,0
DA:112,0
DA:114,0
DA:116,0
DA:118,0
DA:119,0
DA:120,0
DA:122,0
DA:125,0
DA:129,0
DA:130,0
DA:134,0
DA:138,0
DA:139,0
LF:58
LH:0
end_of_record
SF:lib/features/news/domain/entity/news_entity.dart
DA:11,1
DA:20,0
DA:21,0
LF:3
LH:1
end_of_record
SF:lib/features/news/data/model/news_api_model.dart
DA:20,0
DA:29,0
DA:30,0
DA:32,0
DA:35,0
DA:36,0
DA:37,0
DA:38,0
DA:39,0
DA:40,0
DA:41,0
DA:42,0
DA:46,0
DA:48,0
LF:14
LH:0
end_of_record
SF:lib/features/news/data/model/news_api_model.g.dart
DA:9,0
DA:10,0
DA:11,0
DA:12,0
DA:13,0
DA:14,0
DA:15,0
DA:18,0
DA:19,0
DA:20,0
DA:21,0
DA:22,0
DA:23,0
DA:24,0
DA:25,0
LF:15
LH:0
end_of_record
SF:lib/features/news/presentation/view_model/news_event.dart
DA:5,0
DA:6,0
DA:7,0
DA:14,0
DA:16,0
DA:17,0
LF:6
LH:0
end_of_record
SF:lib/features/news/presentation/view_model/news_state.dart
DA:6,1
DA:7,1
DA:8,1
DA:17,0
DA:18,0
DA:19,0
DA:24,0
DA:25,0
DA:26,0
DA:31,0
DA:32,0
DA:33,0
LF:12
LH:3
end_of_record
SF:lib/features/onboarding/presentation/view/onboarding_view.dart
DA:11,0
DA:32,0
DA:33,0
DA:34,0
DA:35,0
DA:36,0
DA:39,0
DA:41,0
DA:42,0
DA:43,0
DA:44,0
DA:45,0
DA:46,0
DA:47,0
DA:48,0
DA:49,0
DA:50,0
DA:51,0
DA:52,0
DA:53,0
DA:54,0
DA:56,0
DA:57,0
DA:60,0
DA:64,0
DA:66,0
DA:74,0
DA:76,0
DA:77,0
DA:78,0
DA:82,0
DA:83,0
DA:84,0
DA:87,0
DA:93,0
DA:96,0
DA:97,0
DA:98,0
DA:99,0
DA:101,0
DA:106,0
DA:109,0
LF:42
LH:0
end_of_record
SF:lib/features/onboarding/presentation/view_model/onboarding_bloc.dart
DA:8,0
DA:9,0
DA:10,0
DA:11,0
DA:14,0
DA:15,0
DA:16,0
DA:17,0
LF:8
LH:0
end_of_record
SF:lib/features/onboarding/presentation/view_model/onboarding_event.dart
DA:4,0
DA:5,0
LF:2
LH:0
end_of_record
SF:lib/features/onboarding/presentation/view_model/onboarding_state.dart
DA:7,8
DA:9,0
DA:10,0
DA:11,0
DA:12,0
DA:16,0
DA:17,0
LF:7
LH:1
end_of_record
